生成启动时间为 2017/4/16 19:31:15。
     1>项目“E:\大一下学期\ｃ语言\c程序\作业\任务03_1 数字探秘\任务03_1 数字探秘\任务03_1 数字探秘.vcxproj”在节点 2 上(Build 个目标)。
     1>ClCompile:
         D:\c语言\VC\bin\CL.exe /c /ZI /nologo /W3 /WX- /Od /Oy- /D WIN32 /D _DEBUG /D _CONSOLE /D _UNICODE /D UNICODE /Gm /EHsc /RTC1 /MDd /GS /fp:precise /Zc:wchar_t /Zc:forScope /Fo"Debug\\" /Fd"Debug\vc110.pdb" /Gd /TC /analyze- /errorReport:prompt "源.c"
         源.c
     1>e:\大一下学期\ｃ语言\c程序\作业\任务03_1 数字探秘\任务03_1 数字探秘\源.c(217): warning C4996: 'scanf': This function or variable may be unsafe. Consider using scanf_s instead. To disable deprecation, use _CRT_SECURE_NO_WARNINGS. See online help for details.
                 d:\c语言\vc\include\stdio.h(290) : 参见“scanf”的声明
     1>e:\大一下学期\ｃ语言\c程序\作业\任务03_1 数字探秘\任务03_1 数字探秘\源.c(219): error C2143: 语法错误 : 缺少“;”(在“类型”的前面)
     1>e:\大一下学期\ｃ语言\c程序\作业\任务03_1 数字探秘\任务03_1 数字探秘\源.c(219): error C2143: 语法错误 : 缺少“)”(在“类型”的前面)
     1>e:\大一下学期\ｃ语言\c程序\作业\任务03_1 数字探秘\任务03_1 数字探秘\源.c(219): error C2065: “i”: 未声明的标识符
     1>e:\大一下学期\ｃ语言\c程序\作业\任务03_1 数字探秘\任务03_1 数字探秘\源.c(219): warning C4552: “<”: 运算符不起任何作用；应输入带副作用的运算符
     1>e:\大一下学期\ｃ语言\c程序\作业\任务03_1 数字探秘\任务03_1 数字探秘\源.c(219): error C2059: 语法错误:“)”
     1>e:\大一下学期\ｃ语言\c程序\作业\任务03_1 数字探秘\任务03_1 数字探秘\源.c(220): error C2143: 语法错误 : 缺少“;”(在“{”的前面)
     1>e:\大一下学期\ｃ语言\c程序\作业\任务03_1 数字探秘\任务03_1 数字探秘\源.c(221): error C2065: “i”: 未声明的标识符
     1>e:\大一下学期\ｃ语言\c程序\作业\任务03_1 数字探秘\任务03_1 数字探秘\源.c(224): fatal error C1075: 与左侧的 大括号“{”(位于“e:\大一下学期\ｃ语言\c程序\作业\任务03_1 数字探秘\任务03_1 数字探秘\源.c(212)”)匹配之前遇到文件结束
     1>已完成生成项目“E:\大一下学期\ｃ语言\c程序\作业\任务03_1 数字探秘\任务03_1 数字探秘\任务03_1 数字探秘.vcxproj”(Build 个目标)的操作 - 失败。

生成失败。

已用时间 00:00:00.83
